THIS FILE CONTAINS THE METADATA ABOUT SYSTEM AND RUNTIME


-------System Info-------
Operating System Name: Linux
Nodename: 40f4d3b2e1f1
Release: 4.19.76-linuxkit
Version: #1 SMP Tue May 26 11:42:35 UTC 2020

-------Python and Package Versions------- 
Python Version: 3.6.9
SigProfilerMatrixGenerator Version: 1.1.5
SigProfilerPlotting version: 1.1.0
matplotlib version: 3.1.3
statsmodels version: 0.11.1
scipy version: 1.4.1
pandas version: 1.0.1
numpy version: 1.18.1

-------Vital Parameters Used for the execution -------
Project: PROJECT
Genome: GRCh37
Input File Path: /data/sigprofiler_result/
exome: False
bed_file: None
chrom_based: False
plot: False
tsb_stat: False
seqInfo: False

-------Date and Time Data------- 
Date and Clock time when the execution started: 2020-08-05 09:01:25.008167


-------Runtime Checkpoints------- 
