THIS FILE CONTAINS THE METADATA ABOUT SYSTEM AND RUNTIME


-------System Info-------
Operating System Name: Linux
Nodename: dff75d95f8c4
Release: 4.19.76-linuxkit
Version: #1 SMP Tue May 26 11:42:35 UTC 2020

-------Python and Package Versions------- 
Python Version: 3.6.8
SigProfilerMatrixGenerator Version: 1.0.21
SigProfilerPlotting version: 1.0.9
matplotlib version: 3.1.1
statsmodels version: 0.10.1
scipy version: 1.3.1
pandas version: 0.25.2
numpy version: 1.17.3

-------Vital Parameters Used for the execution -------
Project: MSH2_MSH6_Signature
Genome: GRCh37
Input File Path: /data/MSH2_MSH6_Signature/
exome: False
bed_file: None
chrom_based: False
plot: False
tsb_stat: False
seqInfo: False

-------Date and Time Data------- 
Date and Clock time when the execution started: 2020-07-23 14:49:59.061009


-------Runtime Checkpoints------- 
Chromosome 16 done
Chromosome Y done
Chromosome 7 done
Chromosome 11 done
Chromosome 6 done
Chromosome 10 done
Chromosome 22 done
Chromosome 17 done
Chromosome X done
Chromosome 1 done
Chromosome 12 done
Chromosome 8 done
Chromosome 4 done
Chromosome 3 done
Chromosome 20 done
Chromosome 19 done
Chromosome 15 done
Chromosome 2 done
Chromosome 18 done
Chromosome 14 done
Chromosome 21 done
Chromosome 13 done
Chromosome 9 done
Chromosome 5 done
